<?xml version="1.0" encoding="UTF-8"?>
<!-- Generated by org.testng.reporters.JUnitReportReporter -->
<testsuite skipped="1" hostname="DESKTOP-DCMS2K8" name="com.RestAssured.restfulbooker.LambokTest" tests="6" failures="0" timestamp="2023-07-02T15:15:51 IST" time="12.326" errors="0">
  <testcase name="partialBookingUpdate" time="2.808" classname="com.RestAssured.restfulbooker.LambokTest"/>
  <testcase name="deleteBookingDetails" time="2.760" classname="com.RestAssured.restfulbooker.LambokTest"/>
  <testcase name="createBooking" time="1.355" classname="com.RestAssured.restfulbooker.LambokTest"/>
  <testcase name="getBookingDetailsUsingBookingId" time="2.701" classname="com.RestAssured.restfulbooker.LambokTest"/>
  <testcase name="updateBookingDetails" time="2.702" classname="com.RestAssured.restfulbooker.LambokTest"/>
  <testcase name="createNewBooking" classname="com.RestAssured.restfulbooker.LambokTest">
    <skipped/>
  </testcase> <!-- createNewBooking -->
</testsuite> <!-- com.RestAssured.restfulbooker.LambokTest -->
