<?xml version="1.0" encoding="UTF-8"?>
<!-- Generated by org.testng.reporters.JUnitReportReporter -->
<testsuite hostname="DESKTOP-DCMS2K8" failures="0" tests="3" name="com.RestAssured.restfulbooker.JsonSchemaValidationTest" time="8.872" errors="0" timestamp="2023-07-10T10:34:19 IST" skipped="1">
  <testcase classname="com.RestAssured.restfulbooker.JsonSchemaValidationTest" name="createBookingSchemaValidation" time="7.488"/>
  <testcase classname="com.RestAssured.restfulbooker.JsonSchemaValidationTest" name="createTokenJsonSchemaValidation" time="1.384"/>
  <testcase classname="com.RestAssured.restfulbooker.JsonSchemaValidationTest" name="getBookingSchemaValidation">
    <skipped/>
  </testcase> <!-- getBookingSchemaValidation -->
</testsuite> <!-- com.RestAssured.restfulbooker.JsonSchemaValidationTest -->
