<?xml version="1.0" encoding="UTF-8"?>
<!-- Generated by org.testng.reporters.JUnitReportReporter -->
<testsuite hostname="DESKTOP-DCMS2K8" failures="0" tests="6" name="com.RestAssured.restfulbooker.LambokTest" time="18.376" errors="0" timestamp="2023-07-10T10:31:15 IST" skipped="1">
  <testcase classname="com.RestAssured.restfulbooker.LambokTest" name="deleteBookingDetails" time="8.784"/>
  <testcase classname="com.RestAssured.restfulbooker.LambokTest" name="partialBookingUpdate" time="2.789"/>
  <testcase classname="com.RestAssured.restfulbooker.LambokTest" name="createBooking" time="1.394"/>
  <testcase classname="com.RestAssured.restfulbooker.LambokTest" name="getBookingDetailsUsingBookingId" time="2.653"/>
  <testcase classname="com.RestAssured.restfulbooker.LambokTest" name="updateBookingDetails" time="2.756"/>
  <testcase classname="com.RestAssured.restfulbooker.LambokTest" name="createNewBooking">
    <skipped/>
  </testcase> <!-- createNewBooking -->
</testsuite> <!-- com.RestAssured.restfulbooker.LambokTest -->
