<?xml version="1.0" encoding="UTF-8"?>
<!-- Generated by org.testng.reporters.JUnitReportReporter -->
<testsuite skipped="0" hostname="DESKTOP-DCMS2K8" name="com.RestAssured.restfulbooker.RestfulBookerE2ETests" tests="5" failures="1" timestamp="2023-07-02T15:15:51 IST" time="7.184" errors="0">
  <testcase name="updateBookingDetails" time="1.384" classname="com.RestAssured.restfulbooker.RestfulBookerE2ETests"/>
  <testcase name="getBookingData" time="1.672" classname="com.RestAssured.restfulbooker.RestfulBookerE2ETests"/>
  <testcase name="createNewBooking" time="1.377" classname="com.RestAssured.restfulbooker.RestfulBookerE2ETests"/>
  <testcase name="createToken" time="1.403" classname="com.RestAssured.restfulbooker.RestfulBookerE2ETests"/>
  <testcase name="getBookingDetailsById" time="1.348" classname="com.RestAssured.restfulbooker.RestfulBookerE2ETests">
    <failure type="java.lang.AssertionError" message="{
  &quot;firstname&quot; : &quot;Jerald&quot;,
  &quot;additionalneeds&quot; : &quot;Breakfast&quot;,
  &quot;bookingdates&quot; : {
    &quot;checkin&quot; : &quot;2023-06-17&quot;,
    &quot;checkout&quot; : &quot;2023-07-06&quot;
  },
  &quot;totalprice&quot; : 142,
  &quot;depositpaid&quot; : true,
  &quot;lastname&quot; : &quot;Block&quot;
} expected:&lt;{&quot;firstname&quot;:&quot;Jerald&quot;,&quot;lastname&quot;:&quot;Block&quot;,&quot;totalprice&quot;:142,&quot;depositpaid&quot;:true,&quot;bookingdates&quot;:{&quot;checkin&quot;:&quot;2023-06-17&quot;,&quot;checkout&quot;:&quot;2023-07-06&quot;},&quot;additionalneeds&quot;:&quot;Breakfast&quot;}&gt; but was:&lt;NON_EXTENSIBLE&gt;">
      <![CDATA[java.lang.AssertionError: {
  "firstname" : "Jerald",
  "additionalneeds" : "Breakfast",
  "bookingdates" : {
    "checkin" : "2023-06-17",
    "checkout" : "2023-07-06"
  },
  "totalprice" : 142,
  "depositpaid" : true,
  "lastname" : "Block"
} expected:<{"firstname":"Jerald","lastname":"Block","totalprice":142,"depositpaid":true,"bookingdates":{"checkin":"2023-06-17","checkout":"2023-07-06"},"additionalneeds":"Breakfast"}> but was:<NON_EXTENSIBLE>
at org.testng.AssertJUnit.fail(AssertJUnit.java:47)
at org.testng.AssertJUnit.failNotEquals(AssertJUnit.java:330)
at org.testng.AssertJUnit.assertEquals(AssertJUnit.java:66)
at com.RestAssured.restfulbooker.RestfulBookerE2ETests.getBookingDetailsById(RestfulBookerE2ETests.java:89)
at sun.reflect.NativeMethodAccessorImpl.invoke0(Native Method)
at sun.reflect.NativeMethodAccessorImpl.invoke(Unknown Source)
at sun.reflect.DelegatingMethodAccessorImpl.invoke(Unknown Source)
at java.lang.reflect.Method.invoke(Unknown Source)
at org.testng.internal.MethodInvocationHelper.invokeMethod(MethodInvocationHelper.java:133)
at org.testng.internal.TestInvoker.invokeMethod(TestInvoker.java:584)
at org.testng.internal.TestInvoker.invokeTestMethod(TestInvoker.java:172)
at org.testng.internal.MethodRunner.runInSequence(MethodRunner.java:46)
at org.testng.internal.TestInvoker$MethodInvocationAgent.invoke(TestInvoker.java:804)
at org.testng.internal.TestInvoker.invokeTestMethods(TestInvoker.java:145)
at org.testng.internal.TestMethodWorker.invokeTestMethods(TestMethodWorker.java:146)
at org.testng.internal.TestMethodWorker.run(TestMethodWorker.java:128)
at java.util.ArrayList.forEach(Unknown Source)
at org.testng.TestRunner.privateRun(TestRunner.java:770)
at org.testng.TestRunner.run(TestRunner.java:591)
at org.testng.SuiteRunner.runTest(SuiteRunner.java:402)
at org.testng.SuiteRunner.runSequentially(SuiteRunner.java:396)
at org.testng.SuiteRunner.privateRun(SuiteRunner.java:355)
at org.testng.SuiteRunner.run(SuiteRunner.java:304)
at org.testng.SuiteRunnerWorker.runSuite(SuiteRunnerWorker.java:53)
at org.testng.SuiteRunnerWorker.run(SuiteRunnerWorker.java:96)
at org.testng.TestNG.runSuitesSequentially(TestNG.java:1180)
at org.testng.TestNG.runSuitesLocally(TestNG.java:1102)
at org.testng.TestNG.runSuites(TestNG.java:1032)
at org.testng.TestNG.run(TestNG.java:1000)
at org.testng.remote.AbstractRemoteTestNG.run(AbstractRemoteTestNG.java:115)
at org.testng.remote.RemoteTestNG.initAndRun(RemoteTestNG.java:251)
at org.testng.remote.RemoteTestNG.main(RemoteTestNG.java:77)
]]>
    </failure>
  </testcase> <!-- getBookingDetailsById -->
</testsuite> <!-- com.RestAssured.restfulbooker.RestfulBookerE2ETests -->
