<?xml version="1.0" encoding="UTF-8"?>
<!-- Generated by org.testng.reporters.JUnitReportReporter -->
<testsuite skipped="0" hostname="DESKTOP-DCMS2K8" name="com.RestAssured.restfulbooker.JsonSchemaValidationTest" tests="1" failures="0" timestamp="2023-04-11T12:39:07 IST" time="10.345" errors="0">
  <testcase name="createBookingSchemaValidation" time="10.345" classname="com.RestAssured.restfulbooker.JsonSchemaValidationTest"/>
</testsuite> <!-- com.RestAssured.restfulbooker.JsonSchemaValidationTest -->
