<?xml version="1.0" encoding="UTF-8"?>
<!-- Generated by org.testng.reporters.JUnitReportReporter -->
<testsuite hostname="DESKTOP-DCMS2K8" failures="0" tests="5" name="com.RestAssured.restfulbooker.RestfulBookerE2ETests" time="11.468" errors="0" timestamp="2023-07-10T10:31:47 IST" skipped="1">
  <testcase classname="com.RestAssured.restfulbooker.RestfulBookerE2ETests" name="createNewBooking" time="6.717"/>
  <testcase classname="com.RestAssured.restfulbooker.RestfulBookerE2ETests" name="createToken" time="1.580"/>
  <testcase classname="com.RestAssured.restfulbooker.RestfulBookerE2ETests" name="getBookingData" time="1.820"/>
  <testcase classname="com.RestAssured.restfulbooker.RestfulBookerE2ETests" name="updateBookingDetails" time="1.351"/>
  <testcase classname="com.RestAssured.restfulbooker.RestfulBookerE2ETests" name="getBookingDetailsById">
    <skipped/>
  </testcase> <!-- getBookingDetailsById -->
</testsuite> <!-- com.RestAssured.restfulbooker.RestfulBookerE2ETests -->
