<?xml version="1.0" encoding="UTF-8"?>
<!-- Generated by org.testng.reporters.JUnitReportReporter -->
<testsuite skipped="0" hostname="DESKTOP-DCMS2K8" name="com.RestAssured.restfulbooker.JsonSchemaValidationTest" tests="3" failures="0" timestamp="2023-07-02T15:15:51 IST" time="14.198" errors="0">
  <testcase name="getBookingSchemaValidation" time="3.381" classname="com.RestAssured.restfulbooker.JsonSchemaValidationTest"/>
  <testcase name="createTokenJsonSchemaValidation" time="1.429" classname="com.RestAssured.restfulbooker.JsonSchemaValidationTest"/>
  <testcase name="createBookingSchemaValidation" time="9.388" classname="com.RestAssured.restfulbooker.JsonSchemaValidationTest"/>
</testsuite> <!-- com.RestAssured.restfulbooker.JsonSchemaValidationTest -->
