<?xml version="1.0" encoding="UTF-8"?>
<!-- Generated by org.testng.reporters.JUnitReportReporter -->
<testsuite skipped="0" hostname="DESKTOP-DCMS2K8" name="com.RestAssured.restfulbooker.RestfulBookerE2ETests" tests="5" failures="0" timestamp="2023-04-11T12:02:28 IST" time="13.506" errors="0">
  <testcase name="createNewBooking" time="7.152" classname="com.RestAssured.restfulbooker.RestfulBookerE2ETests"/>
  <testcase name="updateBookingDetails" time="1.320" classname="com.RestAssured.restfulbooker.RestfulBookerE2ETests"/>
  <testcase name="createToken" time="1.604" classname="com.RestAssured.restfulbooker.RestfulBookerE2ETests"/>
  <testcase name="getBookingData" time="2.125" classname="com.RestAssured.restfulbooker.RestfulBookerE2ETests"/>
  <testcase name="getBookingDetailsById" time="1.305" classname="com.RestAssured.restfulbooker.RestfulBookerE2ETests"/>
</testsuite> <!-- com.RestAssured.restfulbooker.RestfulBookerE2ETests -->
