<?xml version="1.0" encoding="UTF-8"?>
<!-- Generated by org.testng.reporters.JUnitReportReporter -->
<testsuite skipped="0" hostname="DESKTOP-DCMS2K8" name="com.RestAssured.restfulbooker.JsonSchemaValidationTest" tests="3" failures="0" timestamp="2023-07-02T22:22:56 IST" time="12.284" errors="0">
  <testcase name="getBookingSchemaValidation" time="3.152" classname="com.RestAssured.restfulbooker.JsonSchemaValidationTest"/>
  <testcase name="createBookingSchemaValidation" time="7.465" classname="com.RestAssured.restfulbooker.JsonSchemaValidationTest"/>
  <testcase name="createTokenJsonSchemaValidation" time="1.667" classname="com.RestAssured.restfulbooker.JsonSchemaValidationTest"/>
</testsuite> <!-- com.RestAssured.restfulbooker.JsonSchemaValidationTest -->
