<?xml version="1.0" encoding="UTF-8"?>
<!-- Generated by org.testng.reporters.JUnitReportReporter -->
<testsuite skipped="1" hostname="DESKTOP-DCMS2K8" name="com.RestAssured.restfulbooker.LambokTest" tests="6" failures="0" timestamp="2023-07-10T08:38:29 IST" time="12.889" errors="0">
  <testcase name="partialBookingUpdate" time="3.213" classname="com.RestAssured.restfulbooker.LambokTest"/>
  <testcase name="deleteBookingDetails" time="2.877" classname="com.RestAssured.restfulbooker.LambokTest"/>
  <testcase name="createBooking" time="1.423" classname="com.RestAssured.restfulbooker.LambokTest"/>
  <testcase name="getBookingDetailsUsingBookingId" time="2.661" classname="com.RestAssured.restfulbooker.LambokTest"/>
  <testcase name="updateBookingDetails" time="2.715" classname="com.RestAssured.restfulbooker.LambokTest"/>
  <testcase name="createNewBooking" classname="com.RestAssured.restfulbooker.LambokTest">
    <skipped/>
  </testcase> <!-- createNewBooking -->
</testsuite> <!-- com.RestAssured.restfulbooker.LambokTest -->
