<?xml version="1.0" encoding="UTF-8"?>
<!-- Generated by org.testng.reporters.JUnitReportReporter -->
<testsuite skipped="0" hostname="DESKTOP-DCMS2K8" name="com.RestAssured.restfulbooker.JsonSchemaValidationTest" tests="3" failures="0" timestamp="2023-07-10T08:38:29 IST" time="15.718" errors="0">
  <testcase name="getBookingSchemaValidation" time="4.011" classname="com.RestAssured.restfulbooker.JsonSchemaValidationTest"/>
  <testcase name="createTokenJsonSchemaValidation" time="1.537" classname="com.RestAssured.restfulbooker.JsonSchemaValidationTest"/>
  <testcase name="createBookingSchemaValidation" time="10.170" classname="com.RestAssured.restfulbooker.JsonSchemaValidationTest"/>
</testsuite> <!-- com.RestAssured.restfulbooker.JsonSchemaValidationTest -->
