<?xml version="1.0" encoding="UTF-8"?>
<!-- Generated by org.testng.reporters.JUnitReportReporter -->
<testsuite skipped="1" hostname="DESKTOP-DCMS2K8" name="com.RestAssured.restfulbooker.LambokTest" tests="6" failures="0" timestamp="2023-07-02T15:28:07 IST" time="12.441" errors="0">
  <testcase name="deleteBookingDetails" time="2.734" classname="com.RestAssured.restfulbooker.LambokTest"/>
  <testcase name="partialBookingUpdate" time="2.805" classname="com.RestAssured.restfulbooker.LambokTest"/>
  <testcase name="createBooking" time="1.433" classname="com.RestAssured.restfulbooker.LambokTest"/>
  <testcase name="getBookingDetailsUsingBookingId" time="2.735" classname="com.RestAssured.restfulbooker.LambokTest"/>
  <testcase name="updateBookingDetails" time="2.734" classname="com.RestAssured.restfulbooker.LambokTest"/>
  <testcase name="createNewBooking" classname="com.RestAssured.restfulbooker.LambokTest">
    <skipped/>
  </testcase> <!-- createNewBooking -->
</testsuite> <!-- com.RestAssured.restfulbooker.LambokTest -->
