<?xml version="1.0" encoding="UTF-8"?>
<!-- Generated by org.testng.reporters.JUnitReportReporter -->
<testsuite skipped="1" hostname="DESKTOP-DCMS2K8" name="com.RestAssured.restfulbooker.RestfulBookerE2ETests" tests="5" failures="0" timestamp="2023-07-02T22:22:56 IST" time="5.320" errors="0">
  <testcase name="createToken" time="1.321" classname="com.RestAssured.restfulbooker.RestfulBookerE2ETests"/>
  <testcase name="getBookingData" time="1.289" classname="com.RestAssured.restfulbooker.RestfulBookerE2ETests"/>
  <testcase name="updateBookingDetails" time="1.339" classname="com.RestAssured.restfulbooker.RestfulBookerE2ETests"/>
  <testcase name="createNewBooking" time="1.371" classname="com.RestAssured.restfulbooker.RestfulBookerE2ETests"/>
  <testcase name="getBookingDetailsById" classname="com.RestAssured.restfulbooker.RestfulBookerE2ETests">
    <skipped/>
  </testcase> <!-- getBookingDetailsById -->
</testsuite> <!-- com.RestAssured.restfulbooker.RestfulBookerE2ETests -->
