<?xml version="1.0" encoding="UTF-8"?>
<!-- Generated by org.testng.reporters.JUnitReportReporter -->
<testsuite skipped="1" hostname="DESKTOP-DCMS2K8" name="com.RestAssured.restfulbooker.LambokTest" tests="6" failures="0" timestamp="2023-07-02T22:22:56 IST" time="12.471" errors="0">
  <testcase name="deleteBookingDetails" time="2.798" classname="com.RestAssured.restfulbooker.LambokTest"/>
  <testcase name="partialBookingUpdate" time="2.837" classname="com.RestAssured.restfulbooker.LambokTest"/>
  <testcase name="createBooking" time="1.348" classname="com.RestAssured.restfulbooker.LambokTest"/>
  <testcase name="getBookingDetailsUsingBookingId" time="2.676" classname="com.RestAssured.restfulbooker.LambokTest"/>
  <testcase name="updateBookingDetails" time="2.812" classname="com.RestAssured.restfulbooker.LambokTest"/>
  <testcase name="createNewBooking" classname="com.RestAssured.restfulbooker.LambokTest">
    <skipped/>
  </testcase> <!-- createNewBooking -->
</testsuite> <!-- com.RestAssured.restfulbooker.LambokTest -->
