<?xml version="1.0" encoding="UTF-8"?>
<!-- Generated by org.testng.reporters.JUnitReportReporter -->
<testsuite skipped="1" hostname="DESKTOP-DCMS2K8" name="com.RestAssured.restfulbooker.RestfulBookerE2ETests" tests="5" failures="0" timestamp="2023-07-10T08:38:29 IST" time="6.300" errors="0">
  <testcase name="updateBookingDetails" time="1.508" classname="com.RestAssured.restfulbooker.RestfulBookerE2ETests"/>
  <testcase name="createNewBooking" time="1.363" classname="com.RestAssured.restfulbooker.RestfulBookerE2ETests"/>
  <testcase name="createToken" time="1.413" classname="com.RestAssured.restfulbooker.RestfulBookerE2ETests"/>
  <testcase name="getBookingData" time="2.016" classname="com.RestAssured.restfulbooker.RestfulBookerE2ETests"/>
  <testcase name="getBookingDetailsById" classname="com.RestAssured.restfulbooker.RestfulBookerE2ETests">
    <skipped/>
  </testcase> <!-- getBookingDetailsById -->
</testsuite> <!-- com.RestAssured.restfulbooker.RestfulBookerE2ETests -->
